c:\users\tygo\desktop\c++ projects\3dengine\3dengine\debug\keyboard.obj
c:\users\tygo\desktop\c++ projects\3dengine\3dengine\debug\window.obj
c:\users\tygo\desktop\c++ projects\3dengine\3dengine\debug\winentry.obj
c:\users\tygo\desktop\c++ projects\3dengine\3dengine\debug\mouse.obj
c:\users\tygo\desktop\c++ projects\3dengine\3dengine\debug\vc142.pdb
c:\users\tygo\desktop\c++ projects\3dengine\3dengine\debug\3dengine.res
c:\users\tygo\desktop\c++ projects\3dengine\3dengine\debug\vc142.idb
c:\users\tygo\desktop\c++ projects\3dengine\debug\3dengine.pdb
c:\users\tygo\desktop\c++ projects\3dengine\3dengine\debug\3dengine.tlog\cl.command.1.tlog
c:\users\tygo\desktop\c++ projects\3dengine\3dengine\debug\3dengine.tlog\cl.read.1.tlog
c:\users\tygo\desktop\c++ projects\3dengine\3dengine\debug\3dengine.tlog\cl.write.1.tlog
c:\users\tygo\desktop\c++ projects\3dengine\3dengine\debug\3dengine.tlog\link.23492-cvtres.read.1.tlog
c:\users\tygo\desktop\c++ projects\3dengine\3dengine\debug\3dengine.tlog\link.23492-cvtres.write.1.tlog
c:\users\tygo\desktop\c++ projects\3dengine\3dengine\debug\3dengine.tlog\link.23492-rc.read.1.tlog
c:\users\tygo\desktop\c++ projects\3dengine\3dengine\debug\3dengine.tlog\link.23492-rc.write.1.tlog
c:\users\tygo\desktop\c++ projects\3dengine\3dengine\debug\3dengine.tlog\link.23492.read.1.tlog
c:\users\tygo\desktop\c++ projects\3dengine\3dengine\debug\3dengine.tlog\link.23492.write.1.tlog
c:\users\tygo\desktop\c++ projects\3dengine\3dengine\debug\3dengine.tlog\link.command.1.tlog
c:\users\tygo\desktop\c++ projects\3dengine\3dengine\debug\3dengine.tlog\link.read.1.tlog
c:\users\tygo\desktop\c++ projects\3dengine\3dengine\debug\3dengine.tlog\link.write.1.tlog
c:\users\tygo\desktop\c++ projects\3dengine\3dengine\debug\3dengine.tlog\rc.command.1.tlog
c:\users\tygo\desktop\c++ projects\3dengine\3dengine\debug\3dengine.tlog\rc.read.1.tlog
c:\users\tygo\desktop\c++ projects\3dengine\3dengine\debug\3dengine.tlog\rc.write.1.tlog
